<?xml version="1.0" encoding="UTF-8" ?>
<testsuite tests="6" failures="0" name="com.ydlclass.NettyTest" time="0.096" errors="0" skipped="0">
  <properties>
    <property name="idea.version" value="2022.2.1"/>
    <property name="java.runtime.name" value="OpenJDK Runtime Environment"/>
    <property name="sun.boot.library.path" value="C:\Users\20448\.jdks\corretto-1.8.0_362\jre\bin"/>
    <property name="java.vm.version" value="25.362-b08"/>
    <property name="java.vm.vendor" value="Amazon.com Inc."/>
    <property name="maven.multiModuleProjectDirectory" value="D:\workspace\ydlclass-yrpc-master"/>
    <property name="java.vendor.url" value="https://aws.amazon.com/corretto/"/>
    <property name="path.separator" value=";"/>
    <property name="guice.disable.misplaced.annotation.check" value="true"/>
    <property name="java.vm.name" value="OpenJDK 64-Bit Server VM"/>
    <property name="file.encoding.pkg" value="sun.io"/>
    <property name="user.script" value=""/>
    <property name="user.country" value="CN"/>
    <property name="sun.java.launcher" value="SUN_STANDARD"/>
    <property name="sun.os.patch.level" value=""/>
    <property name="java.vm.specification.name" value="Java Virtual Machine Specification"/>
    <property name="user.dir" value="D:\workspace\ydlclass-yrpc-master"/>
    <property name="java.runtime.version" value="1.8.0_362-b08"/>
    <property name="java.awt.graphicsenv" value="sun.awt.Win32GraphicsEnvironment"/>
    <property name="java.endorsed.dirs" value="C:\Users\20448\.jdks\corretto-1.8.0_362\jre\lib\endorsed"/>
    <property name="os.arch" value="amd64"/>
    <property name="java.io.tmpdir" value="C:\Users\20448\AppData\Local\Temp\"/>
    <property name="line.separator" value="
"/>
    <property name="java.vm.specification.vendor" value="Oracle Corporation"/>
    <property name="user.variant" value=""/>
    <property name="os.name" value="Windows 11"/>
    <property name="maven.ext.class.path" value="C:\Program Files\JetBrains\IntelliJ IDEA 2022.2.1\plugins\maven\lib\maven-event-listener.jar"/>
    <property name="classworlds.conf" value="D:\Environment\apache-maven-3.8.1\bin\m2.conf"/>
    <property name="sun.jnu.encoding" value="GBK"/>
    <property name="java.library.path" value="C:\Users\20448\.jdks\corretto-1.8.0_362\bin;C:\Windows\Sun\Java\bin;C:\Windows\system32;C:\Windows;C:\Users\20448\.jdks\corretto-1.8.0_362\bin;D:\Environment\apache-maven-3.8.1\bin;C:\Program Files (x86)\VMware\VMware Workstation\bin\;C:\Windows\system32;C:\Windows;C:\Windows\System32\Wbem;C:\Windows\System32\WindowsPowerShell\v1.0\;C:\Windows\System32\OpenSSH\;C:\Program Files\NVIDIA Corporation\NVIDIA NvDLISR;C:\Program Files (x86)\NVIDIA Corporation\PhysX\Common;C:\Program Files\dotnet\;D:\Xshell\;D:\NetSarang\Xftp 7\;D:\apache-jmeter-5.5\bin\lib\ext\ApacheJMeter_core.jar;D:\apache-jmeter-5.5\bin\lib\jorphan.jar;C:\Windows\System32;C:\Program Files\MySQL\MySQL Server 8.0\bin;C:\Program Files\MySQL\MySQL Server 5.1\bin;C:\Program Files\MySQL\MySQL Server 5.7\bin;%NVM_HOME%;%NVM_SYMLINK%;D:\Git\cmd;D:\nodejs\;C:\ProgramData\chocolatey\bin;;D:\Tencent\微信web开发者工具\dll;D:\anaconda3;D:\anaconda3\Library\mingw-w64\bin;D:\anaconda3\Library\usr\bin;D:\anaconda3\Library\bin;D:\anaconda3\Scripts;C:\Users\20448\AppData\Local\Programs\Python\Python311\Scripts\;C:\Users\20448\AppData\Local\Programs\Python\Python311\;C:\Users\20448\AppData\Local\Programs\Python\Python310\Scripts\;C:\Users\20448\AppData\Local\Programs\Python\Python310\;C:\Users\20448\AppData\Local\Microsoft\WindowsApps;F:\PyCharm 2021.3.3\bin;;C:\Program Files\JetBrains\IntelliJ IDEA 2022.2.1\bin;;d:\Microsoft VS Code\bin;C:\Users\20448\AppData\Roaming\nvm;C:\Program Files\nodejs;C:\Users\20448\AppData\Roaming\npm;C:\Program Files\JetBrains\WebStorm 2022.3\bin;;."/>
    <property name="maven.conf" value="D:\Environment\apache-maven-3.8.1/conf"/>
    <property name="java.specification.name" value="Java Platform API Specification"/>
    <property name="java.class.version" value="52.0"/>
    <property name="sun.management.compiler" value="HotSpot 64-Bit Tiered Compilers"/>
    <property name="maven.repo.local" value="D:\Environment\apache-maven-3.8.1\maven-repo"/>
    <property name="os.version" value="10.0"/>
    <property name="user.home" value="C:\Users\20448"/>
    <property name="user.timezone" value="Asia/Shanghai"/>
    <property name="java.awt.printerjob" value="sun.awt.windows.WPrinterJob"/>
    <property name="java.specification.version" value="1.8"/>
    <property name="file.encoding" value="UTF-8"/>
    <property name="user.name" value="20448"/>
    <property name="java.class.path" value="D:\Environment\apache-maven-3.8.1\boot\plexus-classworlds-2.6.0.jar;D:\Environment\apache-maven-3.8.1\boot\plexus-classworlds.license;C:\Program Files\JetBrains\IntelliJ IDEA 2022.2.1\lib\idea_rt.jar"/>
    <property name="java.vm.specification.version" value="1.8"/>
    <property name="sun.arch.data.model" value="64"/>
    <property name="java.home" value="C:\Users\20448\.jdks\corretto-1.8.0_362\jre"/>
    <property name="sun.java.command" value="org.codehaus.classworlds.Launcher -Didea.version=2022.2.1 -s D:\Environment\apache-maven-3.8.1\conf\settings.xml -Dmaven.repo.local=D:\Environment\apache-maven-3.8.1\maven-repo install"/>
    <property name="java.specification.vendor" value="Oracle Corporation"/>
    <property name="user.language" value="zh"/>
    <property name="awt.toolkit" value="sun.awt.windows.WToolkit"/>
    <property name="java.vm.info" value="mixed mode"/>
    <property name="java.version" value="1.8.0_362"/>
    <property name="java.ext.dirs" value="C:\Users\20448\.jdks\corretto-1.8.0_362\jre\lib\ext;C:\Windows\Sun\Java\lib\ext"/>
    <property name="sun.boot.class.path" value="C:\Users\20448\.jdks\corretto-1.8.0_362\jre\lib\resources.jar;C:\Users\20448\.jdks\corretto-1.8.0_362\jre\lib\rt.jar;C:\Users\20448\.jdks\corretto-1.8.0_362\jre\lib\sunrsasign.jar;C:\Users\20448\.jdks\corretto-1.8.0_362\jre\lib\jsse.jar;C:\Users\20448\.jdks\corretto-1.8.0_362\jre\lib\jce.jar;C:\Users\20448\.jdks\corretto-1.8.0_362\jre\lib\charsets.jar;C:\Users\20448\.jdks\corretto-1.8.0_362\jre\lib\jfr.jar;C:\Users\20448\.jdks\corretto-1.8.0_362\jre\classes"/>
    <property name="java.vendor" value="Amazon.com Inc."/>
    <property name="java.specification.maintenance.version" value="4"/>
    <property name="maven.home" value="D:\Environment\apache-maven-3.8.1"/>
    <property name="file.separator" value="\"/>
    <property name="java.vendor.url.bug" value="https://github.com/corretto/corretto-8/issues/"/>
    <property name="sun.cpu.endian" value="little"/>
    <property name="sun.io.unicode.encoding" value="UnicodeLittle"/>
    <property name="sun.desktop" value="windows"/>
    <property name="sun.cpu.isalist" value="amd64"/>
  </properties>
  <testcase classname="com.ydlclass.NettyTest" name="testCompositeByteBuf" time="0.064"/>
  <testcase classname="com.ydlclass.NettyTest" name="testDeCompress" time="0"/>
  <testcase classname="com.ydlclass.NettyTest" name="testSlice" time="0"/>
  <testcase classname="com.ydlclass.NettyTest" name="testCompress" time="0.001"/>
  <testcase classname="com.ydlclass.NettyTest" name="testMessage" time="0.031"/>
  <testcase classname="com.ydlclass.NettyTest" name="testWrapper" time="0"/>
</testsuite>